<?xml version="1.0" encoding="utf-8"?><testsuites name="pytest tests"><testsuite name="pytest" errors="0" failures="0" skipped="0" tests="22" time="11.303" timestamp="2026-02-21T11:54:47.797573+00:00" hostname="agent-env-ab97b781-46a0-4063-b920-1ab880e8d737"><testcase classname="backend.tests.test_codearena.TestAuth" name="test_root_health" time="0.230" /><testcase classname="backend.tests.test_codearena.TestAuth" name="test_admin_login" time="0.355" /><testcase classname="backend.tests.test_codearena.TestAuth" name="test_login_invalid_credentials" time="0.150" /><testcase classname="backend.tests.test_codearena.TestAuth" name="test_register_new_user" time="0.338" /><testcase classname="backend.tests.test_codearena.TestAuth" name="test_register_duplicate_email" time="0.102" /><testcase classname="backend.tests.test_codearena.TestProblems" name="test_list_problems" time="0.466" /><testcase classname="backend.tests.test_codearena.TestProblems" name="test_filter_by_difficulty" time="0.490" /><testcase classname="backend.tests.test_codearena.TestProblems" name="test_get_problem_by_id" time="0.577" /><testcase classname="backend.tests.test_codearena.TestProblems" name="test_two_sum_exists" time="0.424" /><testcase classname="backend.tests.test_codearena.TestProblems" name="test_create_problem_admin" time="0.543" /><testcase classname="backend.tests.test_codearena.TestProblems" name="test_create_problem_unauthorized" time="0.419" /><testcase classname="backend.tests.test_codearena.TestSubmissions" name="test_submit_python_two_sum_accepted" time="0.583" /><testcase classname="backend.tests.test_codearena.TestSubmissions" name="test_submit_wrong_answer" time="0.630" /><testcase classname="backend.tests.test_codearena.TestSubmissions" name="test_submit_cpp_mocked" time="0.689" /><testcase classname="backend.tests.test_codearena.TestSubmissions" name="test_submit_unauthenticated" time="0.546" /><testcase classname="backend.tests.test_codearena.TestHints" name="test_get_hint_level1" time="0.566" /><testcase classname="backend.tests.test_codearena.TestContests" name="test_list_contests" time="0.530" /><testcase classname="backend.tests.test_codearena.TestContests" name="test_create_contest" time="0.670" /><testcase classname="backend.tests.test_codearena.TestContests" name="test_join_contest" time="1.104" /><testcase classname="backend.tests.test_codearena.TestContests" name="test_join_invalid_code" time="0.873" /><testcase classname="backend.tests.test_codearena.TestAdmin" name="test_admin_stats" time="0.466" /><testcase classname="backend.tests.test_codearena.TestAdmin" name="test_user_profile" time="0.472" /></testsuite></testsuites>